<?xml version="1.0" encoding="UTF-8"?>
<!-- Generated by org.testng.reporters.JUnitXMLReporter -->
<testsuite ignored="0" hostname="SEZLP258" failures="0" tests="2" name="Default test" time="0.094" errors="0" timestamp="2022-08-12T16:41:26 IST">
  <testcase classname="reusable.BaseClass" name="@BeforeTest BrowserLaunch" time="-1.660302686469E9">
    <failure type="org.testng.TestNGException" message="
Parameter &amp;apos;browser&amp;apos; is required by BeforeTest on method BrowserLaunch but has not been marked @Optional or defined
in C:\Users\Vinothkumar.S\AppData\Local\Temp\testng-eclipse--1854533835\testng-customsuite.xml">
      <![CDATA[org.testng.TestNGException: 
Parameter 'browser' is required by BeforeTest on method BrowserLaunch but has not been marked @Optional or defined
in C:\Users\Vinothkumar.S\AppData\Local\Temp\testng-eclipse--1854533835\testng-customsuite.xml
at org.testng.internal.Parameters.createParams(Parameters.java:272)
at org.testng.internal.Parameters.createParametersForMethod(Parameters.java:360)
at org.testng.internal.Parameters.createParameters(Parameters.java:704)
at org.testng.internal.Parameters.createConfigurationParameters(Parameters.java:166)
at org.testng.internal.ConfigInvoker.invokeConfigurations(ConfigInvoker.java:283)
at org.testng.TestRunner.invokeTestConfigurations(TestRunner.java:619)
at org.testng.TestRunner.beforeRun(TestRunner.java:609)
at org.testng.TestRunner.run(TestRunner.java:580)
at org.testng.SuiteRunner.runTest(SuiteRunner.java:384)
at org.testng.SuiteRunner.runSequentially(SuiteRunner.java:378)
at org.testng.SuiteRunner.privateRun(SuiteRunner.java:337)
at org.testng.SuiteRunner.run(SuiteRunner.java:286)
at org.testng.SuiteRunnerWorker.runSuite(SuiteRunnerWorker.java:53)
at org.testng.SuiteRunnerWorker.run(SuiteRunnerWorker.java:96)
at org.testng.TestNG.runSuitesSequentially(TestNG.java:1187)
at org.testng.TestNG.runSuitesLocally(TestNG.java:1109)
at org.testng.TestNG.runSuites(TestNG.java:1039)
at org.testng.TestNG.run(TestNG.java:1007)
at org.testng.remote.AbstractRemoteTestNG.run(AbstractRemoteTestNG.java:115)
at org.testng.remote.RemoteTestNG.initAndRun(RemoteTestNG.java:251)
at org.testng.remote.RemoteTestNG.main(RemoteTestNG.java:77)
]]>
    </failure>
  </testcase> <!-- @BeforeTest BrowserLaunch -->
  <testcase classname="reusable.BaseClass" name="@BeforeTest startReport" time="-1.660302686482E9">
    <skipped/>
  </testcase> <!-- @BeforeTest startReport -->
  <testcase classname="reusable.BaseClass" name="@AfterTest DriverQuit" time="-1.660302686548E9">
    <skipped/>
  </testcase> <!-- @AfterTest DriverQuit -->
  <testcase classname="reusable.BaseClass" name="@AfterTest stopReport" time="-1.660302686554E9">
    <skipped/>
  </testcase> <!-- @AfterTest stopReport -->
  <testcase classname="main.ExecutionClass" name="TC_SDIR_001" time="0.0">
    <skipped/>
  </testcase> <!-- TC_SDIR_001 -->
  <testcase classname="main.ExecutionClass" name="TS_SDIR_016" time="0.0">
    <skipped/>
  </testcase> <!-- TS_SDIR_016 -->
</testsuite> <!-- Default test -->
